<?xml version="1.0" encoding="UTF-8"?>
<!-- Generated by org.testng.reporters.JUnitXMLReporter -->
<testsuite ignored="0" hostname="LAPTOP-AQG8T4JJ" failures="0" tests="3" name="Test2" time="21.36" errors="0" timestamp="2025-02-22T12:35:18 IST">
  <testcase classname="CrossBrowsertesting.FBSenario" name="launchFb" time="5.578"/>
  <testcase classname="CrossBrowsertesting.Swiggysenario" name="launcSwiggyScenario" time="8.298"/>
  <testcase classname="CrossBrowsertesting.ZomatoSenario" name="launchZomatoScenario" time="7.419"/>
</testsuite> <!-- Test2 -->
