<?xml version="1.0" encoding="UTF-8"?>
<!-- Generated by org.testng.reporters.JUnitXMLReporter -->
<testsuite ignored="1" hostname="LAPTOP-AQG8T4JJ" failures="1" tests="15" name="Test" time="0.188" errors="0" timestamp="2025-02-22T12:37:16 IST">
  <testcase classname="TestNG.UsingPriorityFlag" name="guava" time="0.016"/>
  <testcase classname="TestNG.UsingPriorityFlag" name="orange" time="0.003"/>
  <testcase classname="TestNG.UsingPriorityFlag" name="apple" time="0.004"/>
  <testcase classname="TestNG.Using_ThreadpoolSize" name="demo" time="0.002"/>
  <testcase classname="TestNG.Using_ThreadpoolSize" name="demo" time="0.005"/>
  <testcase classname="TestNG.Using_ThreadpoolSize" name="demo" time="0.001"/>
  <testcase classname="TestNG.Using_depends" name="register" time="0.013">
    <failure type="java.lang.AssertionError" message="null">
      <![CDATA[java.lang.AssertionError: null
at TestNG.Using_depends.register(Using_depends.java:15)
at java.base/java.util.ArrayList.forEach(ArrayList.java:1596)
... Removed 27 stack frames]]>
    </failure>
  </testcase> <!-- register -->
  <testcase classname="TestNG.Using_depends" name="login" time="0.001">
    <skipped/>
  </testcase> <!-- login -->
  <testcase classname="TestNG.Using_depends" name="create" time="0.0">
    <skipped/>
  </testcase> <!-- create -->
  <testcase classname="TestNG.Using_Enabled" name="orange" time="0.003"/>
  <testcase classname="TestNG.UsingInvocationCountFlag" name="guava" time="0.002"/>
  <testcase classname="TestNG.UsingInvocationCountFlag" name="orange" time="0.003"/>
  <testcase classname="TestNG.UsingInvocationCountFlag" name="orange" time="0.001"/>
  <testcase classname="TestNG.UsingInvocationCountFlag" name="orange" time="0.001"/>
  <testcase classname="TestNG.UsingInvocationCountFlag" name="apple" time="0.002"/>
  <testcase classname="TestNG.Using_Enabled" name="cat" time="0.0">
    <ignored/>
  </testcase> <!-- cat -->
</testsuite> <!-- Test -->
