<?xml version="1.0" encoding="UTF-8"?>
<!-- Generated by org.testng.reporters.JUnitXMLReporter -->
<testsuite ignored="0" hostname="LAPTOP-AQG8T4JJ" failures="0" tests="3" name="Test1" time="15.477" errors="0" timestamp="2025-02-22T12:35:12 IST">
  <testcase classname="CrossBrowsertesting.FBSenario" name="launchFb" time="4.156"/>
  <testcase classname="CrossBrowsertesting.Swiggysenario" name="launcSwiggyScenario" time="5.743"/>
  <testcase classname="CrossBrowsertesting.ZomatoSenario" name="launchZomatoScenario" time="5.499"/>
</testsuite> <!-- Test1 -->
