<?xml version="1.0" encoding="UTF-8"?>
<testng-results ignored="0" total="1" passed="1" failed="0" skipped="0">
  <reporter-output>
  </reporter-output>
  <suite started-at="2025-02-25T10:34:29 IST" name="Default suite" finished-at="2025-02-25T10:34:29 IST" duration-ms="98">
    <groups>
    </groups>
    <test started-at="2025-02-25T10:34:29 IST" name="Default test" finished-at="2025-02-25T10:34:29 IST" duration-ms="98">
      <class name="Listeners.Listeners_Scenario">
        <test-method signature="demo()[pri:0, instance:Listeners.Listeners_Scenario@55a147cc]" started-at="2025-02-25T10:34:29 IST" name="demo" finished-at="2025-02-25T10:34:29 IST" duration-ms="23" status="PASS">
          <reporter-output>
          </reporter-output>
        </test-method> <!-- demo -->
      </class> <!-- Listeners.Listeners_Scenario -->
    </test> <!-- Default test -->
  </suite> <!-- Default suite -->
</testng-results>
